Operating system: Microsoft Windows NT 6.2.9200.0
Opening INI file "C:\Users\Emma_\OneDrive\Miscellaneous\Sonic ROM Hacking\Sonic 1 Hacks\Sonic 1 RETURN TO LITTLE PLANET\RETURN TO LITTLE PLANET\SonPLN.ini"...
Game type is S1.
Opening INI file "C:\Users\Emma_\OneDrive\Miscellaneous\Sonic ROM Hacking\Sonic 1 Hacks\Superstars-Amy-Rose-in-Sonic-1\SonPLN.ini"...
Game type is S1.
Loading Title Screen...
Loading plane mappings from file "tilemaps/Title Screen.bin", using compression Enigma...
Loading palette file "palette/Title Screen.bin"...
Source: 0 Destination: 0 Length: 16
Loading dummy tile data.
Loading 8x8 tiles from file "artnem/Title Screen Foreground.bin", using compression Nemesis...
Load completed.
System.ArgumentOutOfRangeException: Value of '1146' is not valid for 'Value'. 'Value' should be between 'minimum' and 'maximum'.
Parameter name: Value
   at System.Windows.Forms.ScrollBar.set_Value(Int32 value)
   at SonicRetro.SonLVL.API.TileList.ScrollToSelected() in D:\Programs\SonLVL\SonLVLAPI\TileList.cs:line 358
   at SonicRetro.SonLVL.API.TileList.set_SelectedIndex(Int32 value) in D:\Programs\SonLVL\SonLVLAPI\TileList.cs:line 19
   at SonicRetro.SonLVL.SonPLN.MainForm.removeDuplicateTilesToolStripButton_Click(Object sender, EventArgs e) in D:\Programs\SonLVL\SonPLN\MainForm.cs:line 2344
   at System.Windows.Forms.ToolStripItem.RaiseEvent(Object key, EventArgs e)
   at System.Windows.Forms.ToolStripButton.OnClick(EventArgs e)
   at System.Windows.Forms.ToolStripItem.HandleClick(EventArgs e)
   at System.Windows.Forms.ToolStripItem.HandleMouseUp(MouseEventArgs e)
   at System.Windows.Forms.ToolStripItem.FireEventInteractive(EventArgs e, ToolStripItemEventType met)
   at System.Windows.Forms.ToolStripItem.FireEvent(EventArgs e, ToolStripItemEventType met)
   at System.Windows.Forms.ToolStrip.OnMouseUp(MouseEventArgs mea)
   at System.Windows.Forms.Control.WmMouseUp(Message& m, MouseButtons button, Int32 clicks)
   at System.Windows.Forms.Control.WndProc(Message& m)
   at System.Windows.Forms.ScrollableControl.WndProc(Message& m)
   at System.Windows.Forms.ToolStrip.WndProc(Message& m)
   at System.Windows.Forms.Control.ControlNativeWindow.OnMessage(Message& m)
   at System.Windows.Forms.Control.ControlNativeWindow.WndProc(Message& m)
   at System.Windows.Forms.NativeWindow.Callback(IntPtr hWnd, Int32 msg, IntPtr wparam, IntPtr lparam)
System.ArgumentOutOfRangeException: Value of '11033' is not valid for 'Value'. 'Value' should be between 'minimum' and 'maximum'.
Parameter name: Value
   at System.Windows.Forms.ScrollBar.set_Value(Int32 value)
   at SonicRetro.SonLVL.API.TileList.ScrollToSelected() in D:\Programs\SonLVL\SonLVLAPI\TileList.cs:line 358
   at SonicRetro.SonLVL.API.TileList.TileList_Resize(Object sender, EventArgs e) in D:\Programs\SonLVL\SonLVLAPI\TileList.cs:line 107
   at System.Windows.Forms.Control.OnResize(EventArgs e)
   at System.Windows.Forms.UserControl.OnResize(EventArgs e)
   at System.Windows.Forms.Control.OnSizeChanged(EventArgs e)
   at System.Windows.Forms.Control.UpdateBounds(Int32 x, Int32 y, Int32 width, Int32 height, Int32 clientWidth, Int32 clientHeight)
   at System.Windows.Forms.Control.UpdateBounds()
   at System.Windows.Forms.Control.WndProc(Message& m)
   at System.Windows.Forms.ScrollableControl.WndProc(Message& m)
   at System.Windows.Forms.ContainerControl.WndProc(Message& m)
   at System.Windows.Forms.UserControl.WndProc(Message& m)
   at System.Windows.Forms.Control.ControlNativeWindow.OnMessage(Message& m)
   at System.Windows.Forms.Control.ControlNativeWindow.WndProc(Message& m)
   at System.Windows.Forms.NativeWindow.Callback(IntPtr hWnd, Int32 msg, IntPtr wparam, IntPtr lparam)
System.ArgumentOutOfRangeException: Value of '1146' is not valid for 'Value'. 'Value' should be between 'minimum' and 'maximum'.
Parameter name: Value
   at System.Windows.Forms.ScrollBar.set_Value(Int32 value)
   at SonicRetro.SonLVL.API.TileList.ScrollToSelected() in D:\Programs\SonLVL\SonLVLAPI\TileList.cs:line 358
   at SonicRetro.SonLVL.API.TileList.set_SelectedIndex(Int32 value) in D:\Programs\SonLVL\SonLVLAPI\TileList.cs:line 19
   at SonicRetro.SonLVL.SonPLN.MainForm.removeDuplicateTilesToolStripButton_Click(Object sender, EventArgs e) in D:\Programs\SonLVL\SonPLN\MainForm.cs:line 2344
   at System.Windows.Forms.ToolStripItem.RaiseEvent(Object key, EventArgs e)
   at System.Windows.Forms.ToolStripButton.OnClick(EventArgs e)
   at System.Windows.Forms.ToolStripItem.HandleClick(EventArgs e)
   at System.Windows.Forms.ToolStripItem.HandleMouseUp(MouseEventArgs e)
   at System.Windows.Forms.ToolStripItem.FireEventInteractive(EventArgs e, ToolStripItemEventType met)
   at System.Windows.Forms.ToolStripItem.FireEvent(EventArgs e, ToolStripItemEventType met)
   at System.Windows.Forms.ToolStrip.OnMouseUp(MouseEventArgs mea)
   at System.Windows.Forms.Control.WmMouseUp(Message& m, MouseButtons button, Int32 clicks)
   at System.Windows.Forms.Control.WndProc(Message& m)
   at System.Windows.Forms.ScrollableControl.WndProc(Message& m)
   at System.Windows.Forms.ToolStrip.WndProc(Message& m)
   at System.Windows.Forms.Control.ControlNativeWindow.OnMessage(Message& m)
   at System.Windows.Forms.Control.ControlNativeWindow.WndProc(Message& m)
   at System.Windows.Forms.NativeWindow.Callback(IntPtr hWnd, Int32 msg, IntPtr wparam, IntPtr lparam)
System.ArgumentOutOfRangeException: Value of '11033' is not valid for 'Value'. 'Value' should be between 'minimum' and 'maximum'.
Parameter name: Value
   at System.Windows.Forms.ScrollBar.set_Value(Int32 value)
   at SonicRetro.SonLVL.API.TileList.ScrollToSelected() in D:\Programs\SonLVL\SonLVLAPI\TileList.cs:line 358
   at SonicRetro.SonLVL.API.TileList.TileList_Resize(Object sender, EventArgs e) in D:\Programs\SonLVL\SonLVLAPI\TileList.cs:line 107
   at System.Windows.Forms.Control.OnResize(EventArgs e)
   at System.Windows.Forms.UserControl.OnResize(EventArgs e)
   at System.Windows.Forms.Control.OnSizeChanged(EventArgs e)
   at System.Windows.Forms.Control.UpdateBounds(Int32 x, Int32 y, Int32 width, Int32 height, Int32 clientWidth, Int32 clientHeight)
   at System.Windows.Forms.Control.UpdateBounds()
   at System.Windows.Forms.Control.WndProc(Message& m)
   at System.Windows.Forms.ScrollableControl.WndProc(Message& m)
   at System.Windows.Forms.ContainerControl.WndProc(Message& m)
   at System.Windows.Forms.UserControl.WndProc(Message& m)
   at System.Windows.Forms.Control.ControlNativeWindow.OnMessage(Message& m)
   at System.Windows.Forms.Control.ControlNativeWindow.WndProc(Message& m)
   at System.Windows.Forms.NativeWindow.Callback(IntPtr hWnd, Int32 msg, IntPtr wparam, IntPtr lparam)
